<?xml version="1.0" encoding="UTF-8"?>
<coverage generated="1600548121801" clover="3.2.0">
  <project timestamp="1600548121801" name="All files">
    <metrics statements="15" coveredstatements="13" conditionals="14" coveredconditionals="3" methods="3" coveredmethods="1" elements="32" coveredelements="17" complexity="0" loc="15" ncloc="15" packages="1" files="1" classes="1"/>
    <file name="CommentBox.tsx" path="/Users/eli/nodework/commentbox/src/components/CommentBox.tsx">
      <metrics statements="15" coveredstatements="13" conditionals="14" coveredconditionals="3" methods="3" coveredmethods="1"/>
      <line num="1" count="1" type="stmt"/>
      <line num="2" count="1" type="stmt"/>
      <line num="3" count="1" type="stmt"/>
      <line num="4" count="1" type="stmt"/>
      <line num="5" count="1" type="stmt"/>
      <line num="6" count="1" type="stmt"/>
      <line num="7" count="1" type="stmt"/>
      <line num="8" count="1" type="stmt"/>
      <line num="19" count="1" type="stmt"/>
      <line num="20" count="1" type="stmt"/>
      <line num="29" count="1" type="stmt"/>
      <line num="30" count="1" type="stmt"/>
      <line num="54" count="0" type="stmt"/>
      <line num="80" count="0" type="stmt"/>
      <line num="102" count="1" type="stmt"/>
    </file>
  </project>
</coverage>
