{"/Users/eli/nodework/commentbox/src/components/CommentBox.tsx": {"path":"/Users/eli/nodework/commentbox/src/components/CommentBox.tsx","statementMap":{"0":{"start":{"line":1,"column":0},"end":{"line":1,"column":50}},"1":{"start":{"line":2,"column":0},"end":{"line":2,"column":52}},"2":{"start":{"line":3,"column":0},"end":{"line":3,"column":62}},"3":{"start":{"line":4,"column":0},"end":{"line":4,"column":45}},"4":{"start":{"line":5,"column":0},"end":{"line":5,"column":59}},"5":{"start":{"line":6,"column":0},"end":{"line":6,"column":46}},"6":{"start":{"line":7,"column":0},"end":{"line":7,"column":42}},"7":{"start":{"line":8,"column":0},"end":{"line":8,"column":38}},"8":{"start":{"line":19,"column":42},"end":{"line":100,"column":1}},"9":{"start":{"line":20,"column":42},"end":{"line":20,"column":66}},"10":{"start":{"line":29,"column":6},"end":{"line":29,"column":11}},"11":{"start":{"line":30,"column":2},"end":{"line":99,"column":4}},"12":{"start":{"line":54,"column":44},"end":{"line":54,"column":64}},"13":{"start":{"line":80,"column":33},"end":{"line":80,"column":54}},"14":{"start":{"line":102,"column":0},"end":{"line":102,"column":26}}},"fnMap":{"0":{"name":"(anonymous_2)","decl":{"start":{"line":19,"column":42},"end":{"line":19,"column":43}},"loc":{"start":{"line":19,"column":52},"end":{"line":100,"column":1}}},"1":{"name":"(anonymous_3)","decl":{"start":{"line":54,"column":38},"end":{"line":54,"column":41}},"loc":{"start":{"line":54,"column":44},"end":{"line":54,"column":64}}},"2":{"name":"(anonymous_4)","decl":{"start":{"line":80,"column":27},"end":{"line":80,"column":30}},"loc":{"start":{"line":80,"column":33},"end":{"line":80,"column":54}}}},"branchMap":{"0":{"loc":{"start":{"line":34,"column":10},"end":{"line":71,"column":null}},"type":"cond-expr","locations":[{"start":{"line":34,"column":10},"end":{"line":71,"column":null}},{"start":{"line":74,"column":10},"end":{"line":94,"column":null}}]},"1":{"loc":{"start":{"line":33,"column":9},"end":{"line":33,"column":31}},"type":"binary-expr","locations":[{"start":{"line":33,"column":9},"end":{"line":33,"column":31}},{"start":{"line":33,"column":35},"end":{"line":33,"column":58}}]},"2":{"loc":{"start":{"line":45,"column":43},"end":{"line":45,"column":44}},"type":"cond-expr","locations":[{"start":{"line":45,"column":43},"end":{"line":45,"column":44}},{"start":{"line":45,"column":47},"end":{"line":45,"column":48}}]},"3":{"loc":{"start":{"line":46,"column":45},"end":{"line":46,"column":49}},"type":"cond-expr","locations":[{"start":{"line":46,"column":45},"end":{"line":46,"column":49}},{"start":{"line":46,"column":52},"end":{"line":46,"column":57}}]},"4":{"loc":{"start":{"line":64,"column":62},"end":{"line":64,"column":67}},"type":"cond-expr","locations":[{"start":{"line":64,"column":62},"end":{"line":64,"column":67}},{"start":{"line":64,"column":70},"end":{"line":64,"column":74}}]},"5":{"loc":{"start":{"line":64,"column":16},"end":{"line":64,"column":34}},"type":"binary-expr","locations":[{"start":{"line":64,"column":16},"end":{"line":64,"column":34}},{"start":{"line":64,"column":38},"end":{"line":64,"column":59}}]},"6":{"loc":{"start":{"line":85,"column":44},"end":{"line":85,"column":49}},"type":"cond-expr","locations":[{"start":{"line":85,"column":44},"end":{"line":85,"column":49}},{"start":{"line":85,"column":52},"end":{"line":85,"column":56}}]}},"s":{"0":1,"1":1,"2":1,"3":1,"4":1,"5":1,"6":1,"7":1,"8":1,"9":1,"10":1,"11":1,"12":0,"13":0,"14":1},"f":{"0":1,"1":0,"2":0},"b":{"0":[0,1],"1":[1,0],"2":[0,0],"3":[0,0],"4":[0,0],"5":[0,0],"6":[1,0]}}
}
