TN:
SF:src/components/CommentBox.tsx
FN:19,(anonymous_2)
FN:54,(anonymous_3)
FN:80,(anonymous_4)
FNF:3
FNH:1
FNDA:1,(anonymous_2)
FNDA:0,(anonymous_3)
FNDA:0,(anonymous_4)
DA:1,1
DA:2,1
DA:3,1
DA:4,1
DA:5,1
DA:6,1
DA:7,1
DA:8,1
DA:19,1
DA:20,1
DA:29,1
DA:30,1
DA:54,0
DA:80,0
DA:102,1
LF:15
LH:13
BRDA:34,0,0,0
BRDA:34,0,1,1
BRDA:33,1,0,1
BRDA:33,1,1,0
BRDA:45,2,0,0
BRDA:45,2,1,0
BRDA:46,3,0,0
BRDA:46,3,1,0
BRDA:64,4,0,0
BRDA:64,4,1,0
BRDA:64,5,0,0
BRDA:64,5,1,0
BRDA:85,6,0,1
BRDA:85,6,1,0
BRF:14
BRH:3
end_of_record
